2025-03-05 16:43:48,048 INFO    MainThread:22736 [wandb_setup.py:_flush():67] Current SDK version is 0.19.7
2025-03-05 16:43:48,048 INFO    MainThread:22736 [wandb_setup.py:_flush():67] Configure stats pid to 22736
2025-03-05 16:43:48,048 INFO    MainThread:22736 [wandb_setup.py:_flush():67] Loading settings from C:\Users\Amar\.config\wandb\settings
2025-03-05 16:43:48,048 INFO    MainThread:22736 [wandb_setup.py:_flush():67] Loading settings from C:\Users\Amar\Desktop\MTech\2nd sem\DL\assign_1\da6401_assignment1\wandb\settings
2025-03-05 16:43:48,048 INFO    MainThread:22736 [wandb_setup.py:_flush():67] Loading settings from environment variables
2025-03-05 16:43:48,048 INFO    MainThread:22736 [wandb_init.py:setup_run_log_directory():647] Logging user logs to C:\Users\Amar\Desktop\MTech\2nd sem\DL\assign_1\da6401_assignment1\wandb\run-20250305_164348-kz76je47\logs\debug.log
2025-03-05 16:43:48,056 INFO    MainThread:22736 [wandb_init.py:setup_run_log_directory():648] Logging internal logs to C:\Users\Amar\Desktop\MTech\2nd sem\DL\assign_1\da6401_assignment1\wandb\run-20250305_164348-kz76je47\logs\debug-internal.log
2025-03-05 16:43:48,056 INFO    MainThread:22736 [wandb_init.py:init():761] calling init triggers
2025-03-05 16:43:48,056 INFO    MainThread:22736 [wandb_init.py:init():766] wandb.init called with sweep_config: {}
config: {'_wandb': {}}
2025-03-05 16:43:48,056 INFO    MainThread:22736 [wandb_init.py:init():784] starting backend
2025-03-05 16:43:48,056 INFO    MainThread:22736 [wandb_init.py:init():788] sending inform_init request
2025-03-05 16:43:48,112 INFO    MainThread:22736 [backend.py:_multiprocessing_setup():97] multiprocessing start_methods=spawn, using: spawn
2025-03-05 16:43:48,113 INFO    MainThread:22736 [wandb_init.py:init():803] backend started and connected
2025-03-05 16:43:48,113 INFO    MainThread:22736 [wandb_init.py:init():896] updated telemetry
2025-03-05 16:43:48,147 INFO    MainThread:22736 [wandb_init.py:init():920] communicating run to backend with 90.0 second timeout
2025-03-05 16:43:49,095 INFO    MainThread:22736 [wandb_init.py:init():995] starting run threads in backend
2025-03-05 16:43:49,654 INFO    MainThread:22736 [wandb_run.py:_console_start():2377] atexit reg
2025-03-05 16:43:49,654 INFO    MainThread:22736 [wandb_run.py:_redirect():2227] redirect: wrap_raw
2025-03-05 16:43:49,654 INFO    MainThread:22736 [wandb_run.py:_redirect():2292] Wrapping output streams.
2025-03-05 16:43:49,654 INFO    MainThread:22736 [wandb_run.py:_redirect():2317] Redirects installed.
2025-03-05 16:43:49,656 INFO    MainThread:22736 [wandb_init.py:init():1037] run started, returning control to user process
2025-03-05 16:43:50,527 INFO    MainThread:22736 [pyagent.py:run():322] Starting sweep agent: entity=None, project=None, count=None
2025-03-05 16:43:51,733 WARNING MsgRouterThr:22736 [router.py:message_loop():77] message_loop has been closed
Traceback (most recent call last):
  File "C:\Users\Amar\anaconda3\Lib\site-packages\wandb\sdk\interface\router_sock.py", line 28, in _read_message
    resp = self._sock_client.read_server_response(timeout=1)
           ^^^^^^^^^^^^^^^^^^^^^^^^^^^^^^^^^^^^^^^^^^^^^^^^^
  File "C:\Users\Amar\anaconda3\Lib\site-packages\wandb\sdk\lib\sock_client.py", line 285, in read_server_response
    data = self._read_packet_bytes(timeout=timeout)
           ^^^^^^^^^^^^^^^^^^^^^^^^^^^^^^^^^^^^^^^^
  File "C:\Users\Amar\anaconda3\Lib\site-packages\wandb\sdk\lib\sock_client.py", line 270, in _read_packet_bytes
    raise SockClientClosedError
wandb.sdk.lib.sock_client.SockClientClosedError

The above exception was the direct cause of the following exception:

Traceback (most recent call last):
  File "C:\Users\Amar\anaconda3\Lib\site-packages\wandb\sdk\interface\router.py", line 70, in message_loop
    msg = self._read_message()
          ^^^^^^^^^^^^^^^^^^^^
  File "C:\Users\Amar\anaconda3\Lib\site-packages\wandb\sdk\interface\router_sock.py", line 30, in _read_message
    raise MessageRouterClosedError from e
wandb.sdk.interface.router.MessageRouterClosedError
2025-03-05 16:43:51,742 INFO    MsgRouterThr:22736 [mailbox.py:close():115] Closing mailbox, abandoning 1 handles.
2025-03-05 16:43:53,899 INFO    Thread-10 (_run_job):22736 [wandb_run.py:_finish():2112] finishing run amar74384-iit-madras/fashion-mnist-hyperparam-sweep/kz76je47
2025-03-05 16:43:57,320 INFO    Thread-11 (_run_job):22736 [wandb_run.py:_finish():2112] finishing run amar74384-iit-madras/fashion-mnist-hyperparam-sweep/kz76je47
2025-03-05 16:44:07,514 INFO    Thread-12 (_run_job):22736 [wandb_run.py:_finish():2112] finishing run amar74384-iit-madras/fashion-mnist-hyperparam-sweep/kz76je47
2025-03-05 16:44:08,486 INFO    Thread-13 (_run_job):22736 [wandb_run.py:_finish():2112] finishing run amar74384-iit-madras/fashion-mnist-hyperparam-sweep/kz76je47
2025-03-05 16:44:18,683 INFO    Thread-14 (_run_job):22736 [wandb_run.py:_finish():2112] finishing run amar74384-iit-madras/fashion-mnist-hyperparam-sweep/kz76je47
2025-03-05 16:44:19,450 INFO    Thread-15 (_run_job):22736 [wandb_run.py:_finish():2112] finishing run amar74384-iit-madras/fashion-mnist-hyperparam-sweep/kz76je47
2025-03-05 16:44:29,634 INFO    Thread-16 (_run_job):22736 [wandb_run.py:_finish():2112] finishing run amar74384-iit-madras/fashion-mnist-hyperparam-sweep/kz76je47
2025-03-05 16:44:30,612 INFO    Thread-17 (_run_job):22736 [wandb_run.py:_finish():2112] finishing run amar74384-iit-madras/fashion-mnist-hyperparam-sweep/kz76je47
2025-03-05 16:44:40,805 INFO    Thread-18 (_run_job):22736 [wandb_run.py:_finish():2112] finishing run amar74384-iit-madras/fashion-mnist-hyperparam-sweep/kz76je47
2025-03-05 16:44:41,513 INFO    Thread-19 (_run_job):22736 [wandb_run.py:_finish():2112] finishing run amar74384-iit-madras/fashion-mnist-hyperparam-sweep/kz76je47
2025-03-05 16:44:51,708 INFO    Thread-20 (_run_job):22736 [wandb_run.py:_finish():2112] finishing run amar74384-iit-madras/fashion-mnist-hyperparam-sweep/kz76je47
2025-03-05 16:44:52,355 INFO    Thread-21 (_run_job):22736 [wandb_run.py:_finish():2112] finishing run amar74384-iit-madras/fashion-mnist-hyperparam-sweep/kz76je47
2025-03-05 16:45:02,561 INFO    Thread-22 (_run_job):22736 [wandb_run.py:_finish():2112] finishing run amar74384-iit-madras/fashion-mnist-hyperparam-sweep/kz76je47
2025-03-05 16:45:03,225 INFO    Thread-23 (_run_job):22736 [wandb_run.py:_finish():2112] finishing run amar74384-iit-madras/fashion-mnist-hyperparam-sweep/kz76je47
